
ROM used: 16192 (49%)
          16192 (49%) including unused fragments

          4 Average locations per line
          11 Average locations per statement

RAM used: 195 (10%) at main() level
          233 (11%) worst case

Stack used: 7 worst case (out of 31 total available)

Lines Stmts  %   Files
----- ----- ---  -----
 1193  1152  78  CabinaCFLH.c
  451     0   0  C:\Program Files (x86)\PICC\Devices\18F4550.h
  172    73   5  LCD420.c
 2172   260  18  MATH.h
----- -----
 3988  1485 Total

Page ROM  %  RAM   Vol Diff  Functions:
---- --- --- ---   --- ----  ----------
0     40   0   1             @delay_ms1
0     30   0   0             @const73
0     40   0   1   134  2.2  lcd_send_nibble
0     66   0   3   287  3.9  lcd_send_byte
0     88   0   2   422  4.7  lcd_init
0     54   0   3   321  5.5  lcd_gotoxy
0     44   0   0             @goto10101
0     94   0   1   439  6.1  lcd_putc
0    816   3  20  1124 10.7  CEIL_FLOOR
0    118   0  10             @FLT
0     56   0   4             @SFTOI
0     54   0   2             @ITOF
0    346   1  14             @DIVFF
0    618   2  16             @ADDFF
0    242   1  11             @MULFF
0     22   0   4    43  2.1  floor
0     72   0   2             @SITOF
0     86   0   5   100  2.1  sensores
0     16   0   1   102  2.9  intensidadpantalla
0    404   1   9   499  7.0  Leer_Sensor_Presion
0    200   1   2  1202  6.3  temp1s
0    210   1   3   981  2.9  mensajes
0     20   0   0             @const319
0     32   0   2             @PSTRINGC_95
0     20   0   0             @const321
0     20   0   0             @const322
0     20   0   0             @const323
0     20   0   0             @const324
0     20   0   0             @const325
0     20   0   0 47560 12.0  @const326
0     20   0   0 52154 14.0  @const327
0   9484  29   4 52507 14.0  MAIN
0     22   0   0             @const331
0     22   0   0             @const332
0     22   0   0             @const333
0     22   0   0             @const334
0     22   0   0             @const338
0     22   0   0             @const339
0     22   0   0             @const340
0     30   0   3             @PSTRINGCN_95
0     40   0   3             @DIV88
0    200   1   6             @PRINTF_D_95
0     20   0   0             @const351
0     20   0   0             @const352
0     20   0   0             @const353
0     20   0   0             @const354
0     20   0   0             @const357
0     20   0   0             @const358
0     20   0   0             @const359
0     22   0   0             @const361
0     22   0   0             @const364
0     22   0   0             @const365
0     22   0   0             @const366
0     22   0   0             @const367
0     22   0   0             @const368
0     22   0   0             @const369
0     22   0   0             @const370
0     22   0   0             @const371
0     22   0   0             @const373
0     26   0   0             @const374
0    102   0   2             @PRINTF_U_95
0     22   0   0             @const378
0     22   0   0             @const379
0     22   0   0             @const380
0     18   0   0             @const382
0     18   0   0             @const383
0     22   0   0             @const387
0     22   0   0             @const388
0     64   0   5             @FTOSD
0    122   0  13             @DIV3232
0    382   1  13             @PRINTF_L32D_95FPFPF
0     22   0   0             @const399
0     22   0   0             @const400
0     22   0   0             @const401
0     22   0   0             @const404
0     22   0   0             @const405
0     22   0   0             @const406
0     22   0   0             @const407
0     22   0   0             @const409
0     22   0   0             @const410
0     22   0   0             @const411
0     22   0   0             @const412
0     22   0   0             @const414
0     22   0   0             @const415
0     22   0   0             @const416
0     22   0   0             @const419
0     22   0   0             @const420
0     22   0   0             @const421
0     22   0   0             @const422
0     22   0   0             @const423
0     22   0   0             @const424
0     18   0   0             @const425
0     18   0   0             @const428
0     18   0   0             @const429
0     22   0   0             @const431
0     22   0   0             @const432
0     18   0   0             @const433
0     18   0   0             @const436
0     18   0   0             @const437
0     22   0   0             @const439
0     22   0   0             @const440
0     14   0   0             @const441
0     14   0   0             @const442
0     10   0   0             @const445
0     16   0   0             @const446
0      8   0   0             @const447
0     12   0   0             @const450
0     12   0   0             @const451
0     12   0   0             @const452
0      8   0   0             @const453
0     10   0   0             @const454
0     10   0   0             @const455
0     12   0   0             @const456
0     22   0   0             @const459
0     22   0   0             @const460
0     18   0   0             @const461
0     20   0   0             @const463
0     20   0   0             @const464
0     22   0   0             @const466
0     22   0   0             @const467
0     22   0   0             @const468
0     22   0   0             @const469
0     22   0   0             @const472
0     22   0   0             @const473
0     20   0   0             @const474

Program metrics:
    Functions               15
    Statements              1485
    Comments                552
    Volume (V)              188342
    Difficilty (D)          96.1
    Effort to implement (E) 18106780
    Time to implement (T)   279 hours, 26 minutes
    Est Delivered Bugs (B)  23
    Cyclomatic Complexity   511
    Maintainability (MI)    41

 Segment     Used  Free
-----------  ----  ----
00000-00002     4  0  
00004-00006     0  4  
00008-00094   142  0  
00096-07FFE  16046  16572  



