
ROM used: 2070 (6%)
          2070 (6%) including unused fragments

          3 Average locations per line
          16 Average locations per statement

RAM used: 47 (2%) at main() level
          61 (3%) worst case

Stack used: 7 worst case (out of 31 total available)

Lines Stmts  %   Files
----- ----- ---  -----
   88    56  43  NEC_Tutorial.c
  451     0   0  ..\..\..\..\Program Files (x86)\PICC\Devices\18F4550.h
  172    73  57  LCD420.c
----- -----
  711   129 Total

Page ROM  %  RAM   Vol Diff  Functions:
---- --- --- ---   --- ----  ----------
0     40   1   1             @delay_ms1
0     30   1   0             @const73
0     40   1   1   134  2.2  lcd_send_nibble
0     66   2   3   287  3.9  lcd_send_byte
0     88   2   2   422  4.7  lcd_init
0     54   1   3   321  5.5  lcd_gotoxy
0     44   1   0             @goto10101
0     94   2   1   439  6.1  lcd_putc
0    174   4   2   505  5.7  RB0
0     62   1   6             @WRITEBITA
0    730  18   8  2411  4.9  MAIN
0     22   1   0             @const125
0     32   1   2             @PSTRINGC_95
0     22   1   0             @const127
0     22   1   0             @const128
0     22   1   0             @const129
0     14   0   0   344  4.6  @const131
0     62   1   2             @PRINTF_X_95
0     30   1   3             @PSTRINGCN_95
0     14   0   0             @const137
0     18   0   0   344  4.6  @const138
0    180   4   9   344  4.6  @PRINTF_LU_95
0     64   2  10   344  4.6  BIT_BYTE

Program metrics:
    Functions               11
    Statements              129
    Comments                172
    Volume (V)              8961
    Difficilty (D)          50.1
    Effort to implement (E) 448751
    Time to implement (T)   6 hours, 56 minutes
    Est Delivered Bugs (B)  2
    Cyclomatic Complexity   20
    Maintainability (MI)    88

 Segment     Used  Free
-----------  ----  ----
00000-00002     4  0  
00004-00006     0  4  
00008-00094   142  0  
00096-07FFE  1924  30694  



