>>> Warning 202 "CEGH_GLCD.c" Line 31(26,31): Variable never used:   delay
>>> Warning 202 "CEGH_GLCD.c" Line 33(17,34): Variable never used:   flagEnciendeMotor
>>> Warning 202 "CEGH_GLCD.c" Line 38(46,53): Variable never used:   Flanco4
>>> Warning 202 "CEGH_GLCD.c" Line 38(87,94): Variable never used:   flag_uv
>>> Warning 202 "CEGH_GLCD.c" Line 38(134,145): Variable never used:   flag_alarma
>>> Warning 202 "CEGH_GLCD.c" Line 39(22,31): Variable never used:   tiempo_uv
>>> Warning 202 "CEGH_GLCD.c" Line 39(51,67): Variable never used:   tiempo_postpurga
>>> Warning 202 "CEGH_GLCD.c" Line 39(70,78): Variable never used:   Latencia
>>> Warning 202 "CEGH_GLCD.c" Line 40(7,15): Variable never used:   guardauv
>>> Warning 202 "CEGH_GLCD.c" Line 40(48,60): Variable never used:   flag_alarma2
>>> Warning 202 "CEGH_GLCD.c" Line 41(60,70): Variable never used:   tiempo_est
>>> Warning 202 "CEGH_GLCD.c" Line 42(61,63): Variable never used:   UV
>>> Warning 202 "CEGH_GLCD.c" Line 43(7,18): Variable never used:   Baje_Vidrio
>>> Warning 202 "CEGH_GLCD.c" Line 44(7,14): Variable never used:   Vida_UV
>>> Warning 202 "CEGH_GLCD.c" Line 46(42,47): Variable never used:   LuzUV
>>> Warning 202 "CEGH_GLCD.c" Line 46(51,56): Variable never used:   Motor
>>> Warning 202 "CEGH_GLCD.c" Line 46(70,73): Variable never used:   UV2
>>> Warning 202 "CEGH_GLCD.c" Line 46(76,77): Variable never used:   e
>>> Warning 202 "CEGH_GLCD.c" Line 46(80,81): Variable never used:   m
>>> Warning 202 "CEGH_GLCD.c" Line 53(13,20): Variable never used:   Tppurga
>>> Warning 202 "CEGH_GLCD.c" Line 56(13,20): Variable never used:   Tempouv
>>> Warning 202 "CEGH_GLCD.c" Line 61(18,26): Variable never used:   Downflow
>>> Warning 202 "CEGH_GLCD.c" Line 61(66,71): Variable never used:   barra
>>> Warning 202 "CEGH_GLCD.c" Line 61(76,85): Variable never used:   barra_old
>>> Warning 202 "CEGH_GLCD.c" Line 61(90,96): Variable never used:   barra2
>>> Warning 202 "CEGH_GLCD.c" Line 61(101,111): Variable never used:   barra_old2
>>> Warning 202 "CEGH_GLCD.c" Line 62(31,41): Variable never used:   x_cuadrado
>>> Warning 202 "CEGH_GLCD.c" Line 62(46,52): Variable never used:   x_cubo
>>> Warning 202 "CEGH_GLCD.c" Line 71(32,38): Variable never used:   UVTime
>>> Warning 202 "CEGH_GLCD.c" Line 73(7,13): Variable never used:   Vector
>>> Warning 202 "CEGH_GLCD.c" Line 75(6,10): Variable never used:   BITS
>>> Warning 202 "CEGH_GLCD.c" Line 76(7,9): Variable never used:   Ta
>>> Warning 202 "CEGH_GLCD.c" Line 76(10,12): Variable never used:   Tb
>>> Warning 202 "CEGH_GLCD.c" Line 76(13,17): Variable never used:   TICK
>>> Warning 202 "CEGH_GLCD.c" Line 77(6,15): Variable never used:   BIT_START
>>> Warning 202 "CEGH_GLCD.c" Line 77(17,27): Variable never used:   NUEVO_DATO
      Memory usage:   ROM=37%      RAM=50% - 52%
      0 Errors,  36 Warnings.
