
ROM used: 35938 (37%)
          35938 (37%) including unused fragments

          7 Average locations per line
          18 Average locations per statement

RAM used: 1665 (50%) at main() level
          1732 (52%) worst case

Stack used: 8 worst case (out of 31 total available)

Lines Stmts  %   Files
----- ----- ---  -----
 1185  1007  52  CEGH_GLCD.c
  461     0   0  18F4685.h
 2172   260  13  MATH.h
  354    78   4  HDM64GS12.c
  556   167   9  GRAPHICS.c
  201     0   0  imagen.h
   57    39   2  FuncionesDisplay.h
  341   398  20  Funciones.h
----- -----
 5327  1949 Total

Page ROM  %  RAM   Vol Diff  Functions:
---- --- --- ---   --- ----  ----------
0     40   0   1             @delay_ms1
0     32   0   1             @delay_us1
0    874   1  20  1124 10.7  CEIL_FLOOR
0    122   0  10             @FLT
0     60   0   4             @SFTOI
0     54   0   2             @ITOF
0    350   0  14             @DIVFF
0    632   1  16             @ADDFF
0    246   0  11             @MULFF
0     28   0   4    43  2.1  floor
0     30   0   4    44  1.9  ceil
0    358   0  16   257  7.2  fmod
0   1034   1  22  1071  8.0  exp
0     80   0   2             @SITOF
0   1242   2  25  1228  9.9  log
0    780   1  12   556  7.5  pow
0    168   0   1   580  3.2  glcd_init
0    184   0   7   609  5.4  glcd_update
0    188   0   9   466  7.8  glcd_pixel
0     90   0  10   317  4.7  glcd_fillScreen
0     54   0   2   257  2.8  glcd_writeByte
0    286   0   0             @const230
0    250   0   0             @const233
0    322   0  17  1475  8.8  glcd_line
0    196   0   6  1036  5.8  glcd_rect
0    440   1  20  1550 11.2  glcd_text57
0   1052   1   0             @const309
0   1052   1   0             @const312
0   1052   1   0             @const315
0    188   0  15   603  4.5  displayContrasena
0     34   0   1             @SPRINTF
0     44   0   3             @DIV88
0    222   0   6             @PRINTF_D_330
0    218   0  16   734  4.6  displayTiempo
0    208   0   8   672  5.1  displayMenu
0    230   0  19   737  4.5  displayfloat
0     68   0   5             @FTOSD
0    128   0  13             @DIV3232
0    438   1  13             @PRINTF_L32D_330FPFPF
0     62   0   3   128  1.0  sensores
0   1960   3   4  3537  3.9  LeeEEPROM
0   2448   3   0  6925  5.0  LimitaValores
0    158   0   1   590  3.3  VelocidadMotor
0   1818   3   9  7953 10.6  PidePassword
0     36   0   0             @const531
0     40   0   0             @const533
0     42   0   0             @const535
0    206   0   1  1076  6.8  ext0
0    510   1   6  1538  7.9  glcd_imagen
0     34   0   5             @MUL1616
0    972   1  11   808  9.0  LeerFlujoInFlow
0    510   1   9   543  7.5  Leer_Sensor_Presion
0  13186  18   4 53004 14.0  MAIN
0     36   0   0             @const553
0     38   0   0             @const554
0     46   0   0             @const556
0     36   0   0             @const558
0     44   0   0             @const561
0     44   0   0             @const564
0     40   0   0             @const566
0     40   0   0             @const568
0     42   0   0             @const569
0     42   0   0             @const570
0     50   0   0             @const571
0     46   0   0             @const573
0     48   0   0             @const575
0     52   0   0             @const577
0     44   0   0             @const581
0     40   0   0             @const582
0     40   0   0             @const583

Program metrics:
    Functions               29
    Statements              1949
    Comments                884
    Volume (V)              120595
    Difficilty (D)          183.7
    Effort to implement (E) 22157632
    Time to implement (T)   341 hours, 56 minutes
    Est Delivered Bugs (B)  26
    Cyclomatic Complexity   294
    Maintainability (MI)    95

 Segment     Used  Free
-----------  ----  ----
00000-00002     4  0  
00004-00006     0  4  
00008-0009C   150  0  
0009E-0FFFE  35784  29594  
10000-17FFE     0  32768  



