
ROM used: 36822 (37%)
          36822 (37%) including unused fragments

          7 Average locations per line
          19 Average locations per statement

RAM used: 1489 (45%) at main() level
          1560 (47%) worst case

Stack used: 8 worst case (out of 31 total available)

Lines Stmts  %   Files
----- ----- ---  -----
 1129  1023  52  Maestro_v2.c
  461     0   0  C:\Program Files (x86)\PICC\Devices\18F4685.h
 2172   260  13  MATH.h
  354    78   4  HDM64GS12.c
  556   167   8  GRAPHICS.c
  201     0   0  imagen.h
   57    39   2  FuncionesDisplay.h
  341   398  20  Funciones.h
----- -----
 5271  1965 Total

Page ROM  %  RAM   Vol Diff  Functions:
---- --- --- ---   --- ----  ----------
0     40   0   1             @delay_ms1
0     32   0   1             @delay_us1
0    888   1  20  1124 10.7  CEIL_FLOOR
0    164   0  10             @FLT
0     60   0   4             @SFTOI
0     54   0   2             @ITOF
0    382   1  14             @DIVFF
0    632   1  16             @ADDFF
0    290   0  11             @MULFF
0     28   0   4    43  2.1  floor
0     30   0   4    44  1.9  ceil
0    358   0  16   257  7.2  fmod
0   1044   1  22  1071  8.0  exp
0     80   0   2             @SITOF
0   1250   2  25  1228  9.9  log
0    780   1  12   556  7.5  pow
0    168   0   1   580  3.2  glcd_init
0    184   0   7   609  5.4  glcd_update
0    188   0   9   466  7.8  glcd_pixel
0     90   0  10   317  4.7  glcd_fillScreen
0     54   0   2   257  2.8  glcd_writeByte
0    286   0   0             @const230
0    250   0   0             @const233
0    350   0  17  1475  8.8  glcd_line
0    196   0   6  1036  5.8  glcd_rect
0    442   1  20  1550 11.2  glcd_text57
0   1052   1   0             @const309
0   1052   1   0             @const312
0   1052   1   0             @const315
0    188   0  15   603  4.5  displayContrasena
0     34   0   1             @SPRINTF
0     44   0   3             @DIV88
0    222   0   6             @PRINTF_D_330
0    218   0  16   734  4.6  displayTiempo
0    208   0   8   672  5.1  displayMenu
0    254   0  19   737  4.5  displayfloat
0     68   0   5             @FTOSD
0    128   0  13             @DIV3232
0    440   1  13             @PRINTF_L32D_330FPFPF
0     62   0   3   128  1.0  sensores
0    466   1  21   534  7.5  leeTemperatura
0   1962   3   4  3537  3.9  LeeEEPROM
0   2458   3   0  6925  5.0  LimitaValores
0    130   0   1   590  3.3  VelocidadMotor
0   1794   2   9  7953 10.6  PidePassword
0     36   0   0             @const486
0     40   0   0             @const488
0     42   0   0             @const490
0    188   0   1   992  6.8  ext0
0    522   1   6  1538  7.9  glcd_imagen
0     34   0   5             @MUL1616
0    974   1  11   808  9.0  LeerFlujoInFlow
0  13906  19   4 59949 14.0  MAIN
0     46   0   0             @const505
0     36   0   0             @const506
0     38   0   0             @const507
0     46   0   0             @const509
0     36   0   0             @const511
0     44   0   0             @const514
0     44   0   0             @const517
0     40   0   0             @const519
0     40   0   0             @const521
0     42   0   0             @const522
0     42   0   0             @const523
0     50   0   0             @const524
0     46   0   0             @const526
0     48   0   0             @const528
0     52   0   0             @const530
0     44   0   0             @const534
0     40   0   0             @const535
0     40   0   0             @const536

Program metrics:
    Functions               29
    Statements              1965
    Comments                826
    Volume (V)              127913
    Difficilty (D)          183.8
    Effort to implement (E) 23509939
    Time to implement (T)   362 hours, 48 minutes
    Est Delivered Bugs (B)  27
    Cyclomatic Complexity   294
    Maintainability (MI)    103

 Segment     Used  Free
-----------  ----  ----
00000-00002     4  0  
00004-00006     0  4  
00008-0009C   150  0  
0009E-0FFFE  36668  28710  
10000-17FFE     0  32768  



