
ROM used: 23896 (73%)
          23896 (73%) including unused fragments

          5 Average locations per line
          11 Average locations per statement

RAM used: 262 (13%) at main() level
          295 (14%) worst case

Stack used: 8 worst case (out of 31 total available)

Lines Stmts  %   Files
----- ----- ---  -----
  480   296  14  Cabina_Extractora.c
  451     0   0  C:\Program Files (x86)\PICC\Devices\18F4550.h
  284    80   4  LCD420PIC18F.c
 2172   260  12  math.h
  275   269  13  Funciones.h
 1099  1192  57  Menu.h
----- -----
 4761  2097 Total

Page ROM  %  RAM   Vol Diff  Functions:
---- --- --- ---   --- ----  ----------
0     42   0   1             @delay_ms1
0     30   0   0             @const67
0     80   0   1   333  2.5  lcd_send_nibble
0     86   0   3   293  3.4  lcd_send_byte
0    116   0   2   384  4.4  lcd_init
0     86   0   3   426  5.5  lcd_gotoxy
0     44   0   0             @goto10115
0    126   0   1   447  6.4  lcd_putc
0    122   0  10             @FLT
0     60   0   4             @SFTOI
0     54   0   2             @ITOF
0    350   1  14             @DIVFF
0    632   1  16             @ADDFF
0    246   1  11             @MULFF
0      6   0   1    24  1.2  ajuste_vel
0     88   0   5   100  2.1  sensores
0    420   1  21   520  7.5  leeTemperatura
0     20   0   1    93  2.9  intensidadpantalla
0   1016   2   7   843  9.0  Leer_Sensor_Flujo
0     20   0   0   136  1.8  SalidasOff
0     78   0   0   267  2.2  ConfigInicial
0   1168   2   1  2155  3.9  LeeEEPROM
0   1478   3   1  3764  4.9  LimitaValores
0     38   0   0   115  2.5  EnciendeMotor
0     38   0   0   108  2.1  ApagaMotor
0    156   0   1   357  1.8  MensajeGuardado
0     22   0   0             @const348
0     34   0   2             @PSTRINGC_90
0     22   0   0             @const350
0     22   0   0             @const351
0     22   0   0             @const352
0    262   1   3   981  2.9  mensajes
0     20   0   0             @const358
0     20   0   0             @const359
0     20   0   0             @const360
0     20   0   0             @const361
0     20   0   0             @const362
0     20   0   0             @const363
0     20   0   0             @const364
0     20   0   0             @const365
0   1176   2   9  5314  8.5  SolicitaContrasena
0     22   0   0             @const374
0     22   0   0             @const375
0     22   0   0             @const376
0     42   0   3             @PSTRINGCN_90
0     44   0   3             @DIV88
0    130   0   2             @PRINTF_U_90
0     20   0   0             @const387
0     20   0   0             @const388
0     20   0   0             @const389
0     20   0   0             @const390
0     20   0   0             @const392
0     20   0   0             @const393
0     20   0   0             @const394
0    640   1   1  3686  8.4  MenuPrincipal
0     22   0   0             @const397
0    762   2   1  2280  4.9  MenuFiltro
0     22   0   0             @const401
0     26   0   0             @const402
0     22   0   0             @const403
0     22   0   0             @const404
0     22   0   0             @const405
0     18   0   0             @const407
0     18   0   0             @const408
0    354   1   1  1261  6.7  MenuSetpoint
0     18   0   0             @const413
0     16   0   0             @const414
0    336   1   1  1024  3.8  MenuAlarma
0     22   0   0             @const417
0     22   0   0             @const418
0     22   0   0             @const419
0     22   0   0             @const420
0     22   0   0             @const421
0     22   0   0             @const422
0     22   0   0             @const423
0     22   0   0             @const424
0    376   1   1  1312  6.8  MenuMedia
0     22   0   0             @const427
0     16   0   0             @const428
0    234   0   6             @PRINTF_D_90
0    934   2   4  1898  6.3  MenuPuntoCero
0     22   0   0             @const434
0     22   0   0             @const435
0     68   0   5             @FTOSD
0    128   0  13             @DIV3232
0    434   1  13             @PRINTF_L32D_90FPFPF
0     20   0   0             @const444
0     18   0   0             @const445
0   1322   3   8  1789  8.3  MenuMantenimiento
0     18   0   0             @const449
0     24   0   0             @const450
0     26   0   0             @const451
0     16   0   0             @const452
0     22   0   0             @const455
0     26   0   0             @const456
0     18   0   0             @const457
0     22   0   0             @const458
0     16   0   0             @const460
0     22   0   0             @const461
0     16   0   0             @const463
0     20   0   0             @const464
0    732   2   1  2466  7.3  MenuTiempoPurga
0     22   0   0             @const467
0     22   0   0             @const468
0     18   0   0             @const469
0     18   0   0             @const472
0     18   0   0             @const473
0    726   2   1  2416  7.3  MenuTiempoPostPurga
0     22   0   0             @const476
0     22   0   0             @const477
0     18   0   0             @const478
0     18   0   0             @const481
0     18   0   0             @const482
0    526   1   4  1014  4.3  MenuPostPurga
0     22   0   0             @const485
0     22   0   0             @const486
0     18   0   0             @const487
0     20   0   0             @const489
0     20   0   0             @const490
0    260   1   1  1085  4.8  MenuApagado
0     22   0   0             @const493
0     22   0   0             @const494
0     22   0   0             @const495
0     22   0   0             @const496
0    266   1   1   575  3.7  MenuPurga
0     22   0   0             @const500
0     22   0   0             @const501
0     20   0   0             @const502
0   1032   2   2  4369  7.9  MenuCambioClave
0     22   0   0             @const504
0     22   0   0             @const505
0     22   0   0             @const506
0     22   0   0             @const510
0     22   0   0             @const511
0     22   0   0             @const512
0     22   0   0             @const513
0    620   1   4  1510  6.3  MenuVelocidad
0     22   0   0             @const515
0     22   0   0             @const516
0     22   0   0             @const518
0     20   0   0             @const519
0    718   2   1  3076  6.3  MenuServicio
0     22   0   0             @const521
0     22   0   0             @const522
0     22   0   0             @const523
0     22   0   0             @const524
0     22   0   0             @const525
0     22   0   0             @const526
0     22   0   0             @const527
0     22   0   0             @const528
0     22   0   0             @const529
0     22   0   0             @const530
0     22   0   0             @const531
0     22   0   0             @const532
0     22   0   0             @const533
0     22   0   0             @const534
0     22   0   0             @const535
0     22   0   0             @const536
0    182   0   2  1218  6.3  temp1s
0   2338   5   4  9095  8.4  MAIN
0     22   0   0             @const542
0     22   0   0             @const543
0     22   0   0             @const544
0     22   0   0             @const545
0      8   0   0             @const550
0     12   0   0             @const551
0     22   0   0             @const552
0     12   0   0             @const553
0     12   0   0             @const554
0     12   0   0             @const555
0     12   0   0             @const556
0     12   0   0             @const557
0      8   0   0             @const558
0     10   0   0             @const559
0     10   0   0             @const560
0     12   0   0             @const561

Program metrics:
    Functions               36
    Statements              2097
    Comments                578
    Volume (V)              92610
    Difficilty (D)          179.9
    Effort to implement (E) 16658464
    Time to implement (T)   257 hours, 5 minutes
    Est Delivered Bugs (B)  22
    Cyclomatic Complexity   263
    Maintainability (MI)    59

 Segment     Used  Free
-----------  ----  ----
00000-00002     4  0  
00004-00006     0  4  
00008-00094   142  0  
00096-07FFE  23750  8868  



