
ROM used: 5870 (18%)
          5870 (18%) including unused fragments

          5 Average locations per line
          11 Average locations per statement

RAM used: 51 (2%) at main() level
          64 (3%) worst case

Stack used: 7 worst case (out of 31 total available)

Lines Stmts  %   Files
----- ----- ---  -----
  590   484  87  Cabina_Extractora_150.c
  451     0   0  C:\Program Files (x86)\PICC\devices\18F4550.h
  164    70  13  LCD420.c
----- -----
 1205   554 Total

Page ROM  %  RAM   Vol Diff  Functions:
---- --- --- ---   --- ----  ----------
0     40   0   1             @delay_ms1
0     30   0   0             @const73
0     82   1   3   463  4.3  lcd_read_byte
0     38   0   1   134  2.2  lcd_send_nibble
0     66   1   3   317  4.3  lcd_send_byte
0     86   1   2   422  4.7  lcd_init
0     54   0   3   321  5.5  lcd_gotoxy
0     44   0   0             @goto10097
0     84   1   1   370  6.0  lcd_putc
0     36   0   0    96  2.9  temp1s
0    134   1   3   627  2.8  mensajes
0     20   0   0             @const128
0     32   0   2             @PSTRINGC_95
0     20   0   0             @const130
0     20   0   0             @const131
0     20   0   0             @const132
0     20   0   0             @const133
0    108   1   1   974  2.9  velocidades
0   3456  29   2 20502 10.0  MAIN
0     22   0   0             @const138
0     22   0   0             @const139
0     22   0   0             @const140
0     22   0   0             @const141
0     22   0   0             @const143
0     22   0   0             @const144
0     22   0   0             @const145
0     30   0   3             @PSTRINGCN_95
0     40   0   3             @DIV88
0    200   2   6             @PRINTF_D_95
0     20   0   0             @const156
0     20   0   0             @const157
0     20   0   0             @const158
0     20   0   0             @const159
0     20   0   0             @const162
0     20   0   0             @const163
0     20   0   0             @const164
0     22   0   0             @const166
0     22   0   0             @const168
0     22   0   0             @const169
0     22   0   0             @const170
0     22   0   0             @const171
0     22   0   0             @const172
0     22   0   0             @const173
0     22   0   0             @const174
0     22   0   0             @const175
0     22   0   0             @const177
0     22   0   0             @const178
0     22   0   0             @const179
0     22   0   0             @const180
0     22   0   0             @const181
0     22   0   0             @const182
0     22   0   0             @const183
0     22   0   0             @const184
0     22   0   0             @const186
0     22   0   0             @const187
0     22   0   0             @const188
0     22   0   0             @const192
0     22   0   0             @const193
0     22   0   0             @const194
0     22   0   0             @const195
0     22   0   0             @const197
0     22   0   0             @const198
0     22   0   0             @const199
0     22   0   0             @const200
0     22   0   0             @const202
0     22   0   0             @const203
0     22   0   0             @const204
0     22   0   0             @const207
0     22   0   0             @const208
0     22   0   0             @const209
0     22   0   0             @const210

Program metrics:
    Functions               10
    Statements              554
    Comments                244
    Volume (V)              28593
    Difficilty (D)          45.1
    Effort to implement (E) 1289392
    Time to implement (T)   19 hours, 54 minutes
    Est Delivered Bugs (B)  4
    Cyclomatic Complexity   85
    Maintainability (MI)    112

 Segment     Used  Free
-----------  ----  ----
00000-00002     4  0  
00004-00006     0  4  
00008-00094   142  0  
00096-07FFE  5724  26894  



