
ROM used: 2994 (5%)
          2994 (5%) including unused fragments

          1 Average locations per line
          10 Average locations per statement

RAM used: 144 (4%) at main() level
          162 (4%) worst case

Stack used: 8 worst case (out of 31 total available)

Lines Stmts  %   Files
----- ----- ---  -----
  285    70  23  ex_modbus_slave.c
  457     0   0  C:\Program Files (x86)\PICC\Devices\18F4620.h
 1840   232  77  modbus.c
----- -----
 2582   302 Total

Page ROM  %  RAM   Vol Diff  Functions:
---- --- --- ---   --- ----  ----------
0     42   1   1             @delay_ms1
0     10   0   0             @PUTCHARI_BIU_1
0     22   0   0             @GETCH_BIU_1
0    290   5   0             @const122
0    290   5   0             @const124
0     12   0   0   172  2.7  RCV_ON
0     24   0   0   130  2.3  modbus_init
0     14   0   1   121  2.2  modbus_enable_timeout
0     46   1   0   254  5.0  modbus_timeout_now
0     50   1   3   256  3.7  modbus_calc_crc
0     34   1   1   125  2.6  modbus_serial_putc
0     98   2   3   749  6.3  incomming_modbus_serial
0     36   1   2   274  4.3  modbus_serial_send_start
0     46   1   2   432  5.7  modbus_serial_send_stop
0     34   1   0   225  5.4  modbus_kbhit
0     60   1   6   236  4.7  modbus_read_discrete_input_rsp
0    108   2   8   328  5.0  modbus_read_holding_registers_rsp
0    108   2   8   328  5.0  modbus_read_input_registers_rsp
0     56   1   6   253  1.9  modbus_write_single_coil_rsp
0     56   1   6   253  1.9  modbus_write_single_register_rsp
0     56   1   6   253  1.9  modbus_write_multiple_coils_rsp
0     56   1   6   253  1.9  modbus_write_multiple_registers_rsp
0     28   0   6   110  2.0  modbus_exception_rsp
0    102   2   2   464  3.8  swap_bits
0   1158  19  48  7675 16.8  MAIN

Program metrics:
    Functions               20
    Statements              302
    Comments                731
    Volume (V)              18974
    Difficilty (D)          86.6
    Effort to implement (E) 1643189
    Time to implement (T)   25 hours, 21 minutes
    Est Delivered Bugs (B)  5
    Cyclomatic Complexity   36
    Maintainability (MI)    94

 Segment     Used  Free
-----------  ----  ----
00000-00002     4  0  
00004-00006     0  4  
00008-000A0   154  0  
000A2-0FFFE  2836  62538  



