
ROM used: 27322 (83%)
          27322 (83%) including unused fragments

          6 Average locations per line
          14 Average locations per statement

RAM used: 270 (13%) at main() level
          312 (15%) worst case

Stack used: 8 worst case (out of 31 total available)

Lines Stmts  %   Files
----- ----- ---  -----
 1926  1644  83  Cabina_Extractora.c
  451     0   0  C:\Program Files (x86)\PICC\Devices\18F4550.h
  165    69   3  LCD420.c
 2172   260  13  math.h
----- -----
 4714  1973 Total

Page ROM  %  RAM   Vol Diff  Functions:
---- --- --- ---   --- ----  ----------
0     42   0   1             @delay_ms1
0     30   0   0             @const73
0     28   0   1   134  2.2  lcd_send_nibble
0     60   0   3   287  3.9  lcd_send_byte
0    116   0   2   422  4.7  lcd_init
0     70   0   3   321  5.5  lcd_gotoxy
0     44   0   0             @goto10087
0    108   0   1   370  6.0  lcd_putc
0    122   0  10             @FLT
0     60   0   4             @SFTOI
0     54   0   2             @ITOF
0    350   1  14             @DIVFF
0    632   1  16             @ADDFF
0    246   0  11             @MULFF
0     80   0   2             @SITOF
0   1236   2  25  1228  9.9  log
0    244   0   2   592  6.2  RB0
0     66   0   6             @WRITEBITA
0     88   0   5   100  2.1  sensores
0     20   0   1   102  2.9  intensidadpantalla
0   1746   3   7  1298  8.7  Leer_Sensor_Flujo
0    276   1   1   587  6.0  controlar_flujo
0    212   0   2  1327  6.3  temp0s
0    366   1   3  1546  2.9  mensajes
0     20   0   0             @const368
0     32   0   2             @PSTRINGC_95
0     20   0   0             @const370
0     20   0   0             @const371
0     20   0   0             @const372
0     20   0   0             @const373
0     20   0   0             @const374
0     20   0   0             @const375
0     20   0   0             @const376
0     20   0   0             @const377
0     20   0   0             @const378
0     20   0   0             @const379
0     20   0   0             @const380
0      6   0   1    24  1.2  ajustar_damper
0  17410  32   8 84404 13.0  MAIN
0     22   0   0             @const386
0     22   0   0             @const387
0     22   0   0             @const388
0     22   0   0             @const389
0     22   0   0             @const392
0     22   0   0             @const393
0     22   0   0             @const394
0     40   0   3             @PSTRINGCN_95
0     44   0   3             @DIV88
0    222   0   6             @PRINTF_D_95
0     20   0   0             @const405
0     20   0   0             @const406
0     20   0   0             @const407
0     20   0   0             @const408
0     20   0   0             @const411
0     20   0   0             @const412
0     20   0   0             @const413
0     22   0   0             @const415
0     22   0   0             @const418
0     22   0   0             @const419
0     22   0   0             @const420
0     22   0   0             @const421
0     22   0   0             @const422
0     22   0   0             @const423
0     22   0   0             @const424
0     22   0   0             @const425
0     22   0   0             @const427
0     26   0   0             @const428
0    124   0   2             @PRINTF_U_95
0     22   0   0             @const432
0     22   0   0             @const433
0     22   0   0             @const434
0     18   0   0             @const436
0     18   0   0             @const437
0     22   0   0             @const441
0     16   0   0             @const442
0     68   0   5             @FTOSD
0    128   0  13             @DIV3232
0    434   1  13             @PRINTF_L32D_95FPFPF
0     22   0   0             @const453
0     22   0   0             @const454
0     22   0   0             @const455
0     22   0   0             @const458
0     22   0   0             @const459
0     22   0   0             @const460
0     22   0   0             @const461
0     22   0   0             @const463
0     22   0   0             @const464
0     22   0   0             @const465
0     22   0   0             @const466
0     22   0   0             @const468
0     22   0   0             @const469
0     22   0   0             @const470
0     22   0   0             @const473
0     22   0   0             @const474
0     22   0   0             @const475
0     22   0   0             @const476
0     22   0   0             @const477
0     16   0   0             @const478
0     22   0   0             @const481
0     22   0   0             @const482
0     20   0   0             @const483
0     18   0   0             @const484
0     18   0   0             @const487
0     24   0   0             @const488
0     26   0   0             @const489
0     16   0   0             @const490
0     26   0   0             @const493
0     20   0   0             @const494
0     22   0   0             @const495
0     22   0   0             @const496
0     22   0   0             @const499
0     22   0   0             @const500
0     18   0   0             @const501
0     18   0   0             @const504
0     18   0   0             @const505
0     22   0   0             @const507
0     22   0   0             @const508
0     18   0   0             @const509
0     18   0   0             @const512
0     18   0   0             @const513
0     22   0   0             @const515
0     18   0   0             @const516
0     18   0   0             @const517
0     18   0   0             @const518
0     10   0   0             @const521
0     12   0   0             @const522
0     22   0   0             @const523
0     12   0   0             @const524
0     12   0   0             @const525
0     12   0   0             @const526
0     12   0   0             @const527
0     12   0   0             @const528
0     12   0   0             @const529
0      8   0   0             @const530
0     10   0   0             @const531
0     10   0   0             @const532
0     12   0   0             @const533
0     22   0   0             @const536
0     22   0   0             @const537
0     18   0   0             @const538
0     20   0   0             @const540
0     20   0   0             @const541
0     22   0   0             @const543
0     22   0   0             @const544
0     22   0   0             @const545
0     22   0   0             @const546
0     22   0   0             @const549
0     22   0   0             @const550
0     20   0   0             @const551
0     68   0  10   344  4.6  BIT_BYTE

Program metrics:
    Functions               16
    Statements              1973
    Comments                563
    Volume (V)              104126
    Difficilty (D)          85.4
    Effort to implement (E) 8892845
    Time to implement (T)   137 hours, 14 minutes
    Est Delivered Bugs (B)  14
    Cyclomatic Complexity   271
    Maintainability (MI)    55

 Segment     Used  Free
-----------  ----  ----
00000-00002     4  0  
00004-00006     0  4  
00008-000A0   154  0  
000A2-07FFE  27164  5442  



