>>> Warning 202 "Cabina_Extractora.c" Line 24(6,10): Variable never used:   Menu
>>> Warning 202 "Cabina_Extractora.c" Line 24(16,25): Variable never used:   n_opcionH
>>> Warning 202 "Cabina_Extractora.c" Line 24(28,37): Variable never used:   n_opcionL
>>> Warning 202 "Cabina_Extractora.c" Line 24(40,46): Variable never used:   unidad
>>> Warning 202 "Cabina_Extractora.c" Line 24(50,56): Variable never used:   Flecha
>>> Warning 202 "Cabina_Extractora.c" Line 24(59,66): Variable never used:   Flecha1
>>> Warning 202 "Cabina_Extractora.c" Line 24(69,76): Variable never used:   Flecha2
>>> Warning 202 "Cabina_Extractora.c" Line 24(80,86): Variable never used:   nMenuL
>>> Warning 202 "Cabina_Extractora.c" Line 24(90,96): Variable never used:   nMenuH
>>> Warning 202 "Cabina_Extractora.c" Line 24(99,108): Variable never used:   contraste
>>> Warning 202 "Cabina_Extractora.c" Line 25(6,12): Variable never used:   Entero
>>> Warning 202 "Cabina_Extractora.c" Line 25(15,23): Variable never used:   Decimal1
>>> Warning 202 "Cabina_Extractora.c" Line 25(26,34): Variable never used:   Decimal2
>>> Warning 202 "Cabina_Extractora.c" Line 25(37,44): Variable never used:   Entero1
>>> Warning 202 "Cabina_Extractora.c" Line 25(47,56): Variable never used:   Decimal12
>>> Warning 202 "Cabina_Extractora.c" Line 25(59,60): Variable never used:   n
>>> Warning 202 "Cabina_Extractora.c" Line 25(71,74): Variable never used:   tmp
>>> Warning 202 "Cabina_Extractora.c" Line 25(78,88): Variable never used:   MediaMovil
>>> Warning 202 "Cabina_Extractora.c" Line 25(91,99): Variable never used:   negativo
>>> Warning 202 "Cabina_Extractora.c" Line 25(103,109): Variable never used:   Automa
>>> Warning 202 "Cabina_Extractora.c" Line 25(113,119): Variable never used:   Manual
>>> Warning 202 "Cabina_Extractora.c" Line 25(123,127): Variable never used:   Semi
>>> Warning 202 "Cabina_Extractora.c" Line 25(131,140): Variable never used:   ValorSemi
>>> Warning 202 "Cabina_Extractora.c" Line 26(7,15): Variable never used:   estadofl
>>> Warning 202 "Cabina_Extractora.c" Line 26(18,26): Variable never used:   estadomv
>>> Warning 202 "Cabina_Extractora.c" Line 26(29,41): Variable never used:   estadoalarma
>>> Warning 202 "Cabina_Extractora.c" Line 26(44,58): Variable never used:   estadopantalla
>>> Warning 202 "Cabina_Extractora.c" Line 26(61,67): Variable never used:   Flanco
>>> Warning 202 "Cabina_Extractora.c" Line 26(70,77): Variable never used:   Flanco1
>>> Warning 202 "Cabina_Extractora.c" Line 26(80,87): Variable never used:   Flanco2
>>> Warning 202 "Cabina_Extractora.c" Line 26(90,97): Variable never used:   Flanco3
>>> Warning 202 "Cabina_Extractora.c" Line 26(100,113): Variable never used:   flag_latencia
>>> Warning 202 "Cabina_Extractora.c" Line 26(116,124): Variable never used:   Latencia
>>> Warning 202 "Cabina_Extractora.c" Line 27(15,19): Variable never used:   paso
>>> Warning 202 "Cabina_Extractora.c" Line 28(6,7): Variable never used:   t
>>> Warning 202 "Cabina_Extractora.c" Line 29(14,19): Variable never used:   clave
>>> Warning 202 "Cabina_Extractora.c" Line 30(6,16): Variable never used:   contrasena
>>> Warning 202 "Cabina_Extractora.c" Line 31(7,15): Variable never used:   setpoint
>>> Warning 202 "Cabina_Extractora.c" Line 31(20,24): Variable never used:   zero
>>> Warning 202 "Cabina_Extractora.c" Line 31(27,39): Variable never used:   zero_fabrica
>>> Warning 202 "Cabina_Extractora.c" Line 32(7,16): Variable never used:   ModoSleep
>>> Warning 202 "Cabina_Extractora.c" Line 32(17,23): Variable never used:   inicio
>>> Warning 202 "Cabina_Extractora.c" Line 32(26,33): Variable never used:   Lectura
>>> Warning 202 "Cabina_Extractora.c" Line 32(36,44): Variable never used:   Lectura2
>>> Warning 202 "Cabina_Extractora.c" Line 32(47,64): Variable never used:   flag_iniciodamper
>>> Warning 202 "Cabina_Extractora.c" Line 32(67,79): Variable never used:   iniciodamper
>>> Warning 202 "Cabina_Extractora.c" Line 32(82,92): Variable never used:   ModoManual
>>> Warning 202 "Cabina_Extractora.c" Line 32(95,103): Variable never used:   ModoAuto
>>> Warning 202 "Cabina_Extractora.c" Line 32(106,114): Variable never used:   ModoSemi
>>> Warning 202 "Cabina_Extractora.c" Line 33(7,14): Variable never used:   tiempos
>>> Warning 202 "Cabina_Extractora.c" Line 33(17,27): Variable never used:   t_latencia
>>> Warning 202 "Cabina_Extractora.c" Line 33(30,38): Variable never used:   tiempos2
>>> Warning 202 "Cabina_Extractora.c" Line 33(41,55): Variable never used:   t_iniciodamper
>>> Warning 202 "Cabina_Extractora.c" Line 34(7,11): Variable never used:   Beta
>>> Warning 202 "Cabina_Extractora.c" Line 34(17,20): Variable never used:   R25
>>> Warning 202 "Cabina_Extractora.c" Line 34(26,28): Variable never used:   T0
>>> Warning 202 "Cabina_Extractora.c" Line 34(36,38): Variable never used:   TK
>>> Warning 202 "Cabina_Extractora.c" Line 34(41,43): Variable never used:   TC
>>> Warning 202 "Cabina_Extractora.c" Line 34(46,54): Variable never used:   Rdivisor
>>> Warning 202 "Cabina_Extractora.c" Line 34(60,64): Variable never used:   Rntc
>>> Warning 202 "Cabina_Extractora.c" Line 38(7,8): Variable never used:   a
>>> Warning 202 "Cabina_Extractora.c" Line 38(34,35): Variable never used:   b
>>> Warning 202 "Cabina_Extractora.c" Line 38(60,61): Variable never used:   c
>>> Warning 202 "Cabina_Extractora.c" Line 38(81,82): Variable never used:   d
>>> Warning 202 "Cabina_Extractora.c" Line 39(7,12): Variable never used:   Flujo
>>> Warning 202 "Cabina_Extractora.c" Line 39(34,39): Variable never used:   x_uno
>>> Warning 202 "Cabina_Extractora.c" Line 39(44,54): Variable never used:   x_cuadrado
>>> Warning 202 "Cabina_Extractora.c" Line 39(59,65): Variable never used:   x_cubo
>>> Warning 202 "Cabina_Extractora.c" Line 39(70,71): Variable never used:   K
>>> Warning 202 "Cabina_Extractora.c" Line 39(79,87): Variable never used:   Temporal
>>> Warning 202 "Cabina_Extractora.c" Line 39(92,101): Variable never used:   Temporal2
>>> Warning 202 "Cabina_Extractora.c" Line 39(106,115): Variable never used:   Velocidad
>>> Warning 202 "Cabina_Extractora.c" Line 40(7,16): Variable never used:   Temporal1
>>> Warning 202 "Cabina_Extractora.c" Line 40(21,31): Variable never used:   Temporal12
>>> Warning 202 "Cabina_Extractora.c" Line 40(51,58): Variable never used:   Ajuste1
>>> Warning 202 "Cabina_Extractora.c" Line 41(7,19): Variable never used:   Tcalibracion
>>> Warning 202 "Cabina_Extractora.c" Line 41(26,36): Variable never used:   correccion
>>> Warning 202 "Cabina_Extractora.c" Line 41(41,46): Variable never used:   error
      Memory usage:   ROM=12%      RAM=12% - 13%
      0 Errors,  78 Warnings.
