
ROM used: 35794 (36%)
          35794 (36%) including unused fragments

          10 Average locations per line
          17 Average locations per statement

RAM used: 1622 (49%) at main() level
          1677 (50%) worst case

Stack used: 6 worst case (out of 31 total available)

Lines Stmts  %   Files
----- ----- ---  -----
 2130  1872  88  Maestro_v2.c
  461     0   0  C:\Program Files (x86)\PICC\Devices\18F4685.h
  354    78   4  HDM64GS12.c
  556   167   8  GRAPHICS.c
  201     0   0  imagen.h
----- -----
 3702  2117 Total

Page ROM  %  RAM   Vol Diff  Functions:
---- --- --- ---   --- ----  ----------
0     40   0   1             @delay_ms1
0    190   0   1   580  3.2  glcd_init
0    184   0   7   609  5.4  glcd_update
0    188   0   9   466  7.8  glcd_pixel
0     90   0  10   317  4.7  glcd_fillScreen
0     54   0   2   257  2.8  glcd_writeByte
0    286   0   0             @const95
0    250   0   0             @const98
0    318   0  17  1475  8.8  glcd_line
0    194   0   6  1036  5.8  glcd_rect
0     86   0   6             @MULS1616
0     78   0   2             @MUL88
0    440   1  20  1550 11.2  glcd_text57
0   1052   1   0             @const174
0   1052   1   0             @const177
0   1052   1   0             @const180
0    510   1   6  1538  7.9  glcd_imagen
0     34   0   5             @MUL1616
0    250   0   2   702  5.8  RB0
0     66   0   6             @WRITEBITA
0     60   0   3   106  2.1  sensores
0    182   0  15   603  4.5  displayContrasena
0     32   0   1             @SPRINTF
0     44   0   3             @DIV88
0    222   0   6             @PRINTF_D_347
0    206   0  16   734  4.6  displayTiempo
0    204   0   8   672  5.1  displayMenu
0    230   0  19   737  4.5  displayfloat
0    246   0  11             @MULFF
0     68   0   5             @FTOSD
0    128   0  13             @DIV3232
0    438   1  13             @PRINTF_L32D_347FPFPF
0    958   1   5   875  8.6  LeerFlujoInFlow
0     54   0   2             @ITOF
0    632   1  16             @ADDFF
0    122   0  10             @FLT
0    350   0  14             @DIVFF
0    504   1   9   543  7.5  Leer_Sensor_Presion
0    384   1   1  3247  5.9  temp1s
0     10   0   0    50  1.5  SubirVidrio
0     10   0   0    50  1.5  BajarVidrio
0     10   0   0    50  1.5  VidrioOff
0    138   0   0   550  5.2  AjustarVidrioOK
0    118   0   0   450  4.7  AjustarVidrioUV
0    118   0   0   450  4.7  AjustarVidrioUP
0  22604  32   8110986 15.0  MAIN
0     36   0   0             @const413
0     40   0   0             @const414
0     42   0   0             @const416
0     82   0   2             @SITOF
0     60   0   4             @SFTOI
0     36   0   0             @const422
0     38   0   0             @const423
0     36   0   0             @const427
0     44   0   0             @const429
0     48   0   0             @const431
0     40   0   0             @const433
0     46   0   0             @const435
0     48   0   0             @const437
0     44   0   0             @const439
0     38   0   0             @const441
0     40   0   0             @const443
0     44   0   0             @const444
0     36   0   0             @const445
0     42   0   0             @const449
0     40   0   0             @const450
0     34   0   0             @const451
0     34   0   0             @const452
0     38   0   0             @const455
0     42   0   0             @const456
0     46   0   0             @const457
0     68   0  10   344  4.6  BIT_BYTE

Program metrics:
    Functions               26
    Statements              2117
    Comments                630
    Volume (V)              150961
    Difficilty (D)          146.6
    Effort to implement (E) 22127619
    Time to implement (T)   341 hours, 29 minutes
    Est Delivered Bugs (B)  26
    Cyclomatic Complexity   358
    Maintainability (MI)    100

 Segment     Used  Free
-----------  ----  ----
00000-00002     4  0  
00004-00006     0  4  
00008-000A8   162  0  
000AA-0FFFE  35628  29738  
10000-17FFE     0  32768  



