
ROM used: 40344 (41%)
          40344 (41%) including unused fragments

          7 Average locations per line
          18 Average locations per statement

RAM used: 1508 (45%) at main() level
          1574 (47%) worst case

Stack used: 7 worst case (out of 31 total available)

Lines Stmts  %   Files
----- ----- ---  -----
 1454  1321  58  Maestro_v2.c
  461     0   0  C:\Program Files (x86)\PICC\Devices\18F4685.h
 2172   260  11  MATH.h
  354    78   3  HDM64GS12.c
  556   167   7  GRAPHICS.c
  201     0   0  imagen.h
   57    39   2  FuncionesDisplay.h
  347   404  18  Funciones.h
----- -----
 5602  2269 Total

Page ROM  %  RAM   Vol Diff  Functions:
---- --- --- ---   --- ----  ----------
0     40   0   1             @delay_ms1
0    874   1  20  1124 10.7  CEIL_FLOOR
0    122   0  10             @FLT
0     60   0   4             @SFTOI
0     54   0   2             @ITOF
0    350   0  14             @DIVFF
0    632   1  16             @ADDFF
0    246   0  11             @MULFF
0     28   0   4    43  2.1  floor
0     30   0   4    44  1.9  ceil
0    358   0  16   257  7.2  fmod
0   1038   1  22  1071  8.0  exp
0     80   0   2             @SITOF
0   1244   2  25  1228  9.9  log
0    780   1  12   556  7.5  pow
0    168   0   1   580  3.2  glcd_init
0    184   0   7   609  5.4  glcd_update
0    188   0   9   466  7.8  glcd_pixel
0     90   0  10   317  4.7  glcd_fillScreen
0     54   0   2   257  2.8  glcd_writeByte
0    286   0   0             @const230
0    250   0   0             @const233
0    318   0  17  1475  8.8  glcd_line
0    204   0   6  1036  5.8  glcd_rect
0    474   1  20  1550 11.2  glcd_text57
0   1052   1   0             @const309
0   1052   1   0             @const312
0   1052   1   0             @const315
0    184   0  15   603  4.5  displayContrasena
0     34   0   1             @SPRINTF
0     44   0   3             @DIV88
0    222   0   6             @PRINTF_D_330
0    218   0  16   734  4.6  displayTiempo
0    204   0   8   672  5.1  displayMenu
0    254   0  19   737  4.5  displayfloat
0     68   0   5             @FTOSD
0    128   0  13             @DIV3232
0    450   1  13             @PRINTF_L32D_330FPFPF
0     62   0   3   128  1.0  sensores
0    464   1  21   534  7.5  leeTemperatura
0   1890   2   4  3537  3.9  LeeEEPROM
0   2448   3   0  6925  5.0  LimitaValores
0    150   0   1   873  3.9  VelocidadMotor
0   1762   2   9  7953 10.6  PidePassword
0     36   0   0             @const497
0     40   0   0             @const499
0     42   0   0             @const501
0    264   0   1  1820  6.4  temp1s
0    522   1   6  1538  7.9  glcd_imagen
0     34   0   5             @MUL1616
0    974   1  11   808  9.0  LeerFlujoInFlow
0  17224  21   4 79232 14.5  MAIN
0     44   0   0             @const516
0     36   0   0             @const517
0     38   0   0             @const518
0     46   0   0             @const520
0     36   0   0             @const522
0     44   0   0             @const525
0     48   0   0             @const527
0     38   0   0             @const529
0     44   0   0             @const532
0     40   0   0             @const534
0     38   0   0             @const537
0     36   0   0             @const538
0     40   0   0             @const539
0     44   0   0             @const540
0     42   0   0             @const541
0     42   0   0             @const542
0     50   0   0             @const543
0     46   0   0             @const545
0     48   0   0             @const547
0     52   0   0             @const549
0     40   0   0             @const551
0     34   0   0             @const552
0     34   0   0             @const553
0     44   0   0             @const558
0     40   0   0             @const559
0     40   0   0             @const560
0     38   0   0             @const561
0     42   0   0             @const562

Program metrics:
    Functions               29
    Statements              2269
    Comments                864
    Volume (V)              150534
    Difficilty (D)          184.2
    Effort to implement (E) 27730905
    Time to implement (T)   427 hours, 57 minutes
    Est Delivered Bugs (B)  31
    Cyclomatic Complexity   351
    Maintainability (MI)    94

 Segment     Used  Free
-----------  ----  ----
00000-00002     4  0  
00004-00006     0  4  
00008-0009C   150  0  
0009E-0FFFE  40190  25188  
10000-17FFE     0  32768  



