
ROM used: 3786 (12%)
          3786 (12%) including unused fragments

          1 Average locations per line
          10 Average locations per statement

RAM used: 238 (12%) at main() level
          263 (13%) worst case

Stack used: 5 worst case (out of 31 total available)

Lines Stmts  %   Files
----- ----- ---  -----
   90    33   9  Cabina_Extractora.c
  451     0   0  C:\Program Files\PICC\Devices\18F4550.h
  164    70  19  LCD420.c
 2172   260  72  math.h
----- -----
 2877   363 Total

Page ROM  %  RAM   Vol Diff  Functions:
---- --- --- ---   --- ----  ----------
0     40   1   1             @delay_ms1
0     20   0   0             @const73
0     62   1   3   463  4.3  lcd_read_byte
0     32   0   1   134  2.2  lcd_send_nibble
0     70   1   3   317  4.3  lcd_send_byte
0     96   1   2   422  4.7  lcd_init
0     54   1   3   321  5.5  lcd_gotoxy
0     34   0   0             @goto10091
0     90   1   1   370  6.0  lcd_putc
0     54   1   2             @ITOF
0    348   5  14             @DIVFF
0    620   8  16             @ADDFF
0    284   4  11             @MULFF
0     82   1   5   100  2.1  sensores
0    344   5   3   464  6.9  Leer_Sensor_Flujo
0    842  11   1   464  2.8  MAIN
0     16   0   0             @const331
0     30   0   3             @PSTRINGCN_95
0     64   1   5             @FTOSD
0    160   2  13             @DIV3232
0    392   5  13             @PRINTF_L32D_95FPFPF
0     16   0   0             @const342
0     16   0   0             @const343
0     16   0   0             @const344

Program metrics:
    Functions               9
    Statements              363
    Comments                453
    Volume (V)              4835
    Difficilty (D)          36.9
    Effort to implement (E) 178205
    Time to implement (T)   2 hours, 45 minutes
    Est Delivered Bugs (B)  1
    Cyclomatic Complexity   13
    Maintainability (MI)    28

 Segment     Used  Free
-----------  ----  ----
00000-00002     4  0  
00004-07FFE  3782  28982  



