
ROM used: 18674 (57%)
          18674 (57%) including unused fragments

          5 Average locations per line
          12 Average locations per statement

RAM used: 263 (13%) at main() level
          293 (14%) worst case

Stack used: 7 worst case (out of 31 total available)

Lines Stmts  %   Files
----- ----- ---  -----
 1266  1238  79  Cabina_Extractora.c
  451     0   0  C:\Program Files (x86)\PICC\Devices\18F4550.h
  165    69   4  LCD420.c
 2172   260  17  math.h
----- -----
 4054  1567 Total

Page ROM  %  RAM   Vol Diff  Functions:
---- --- --- ---   --- ----  ----------
0     42   0   1             @delay_ms1
0     30   0   0             @const73
0     42   0   1   134  2.2  lcd_send_nibble
0     74   0   3   287  3.9  lcd_send_byte
0    108   0   2   422  4.7  lcd_init
0     70   0   3   321  5.5  lcd_gotoxy
0     44   0   0             @goto10095
0    108   0   1   370  6.0  lcd_putc
0    126   0  10             @FLT
0     60   0   4             @SFTOI
0     54   0   2             @ITOF
0    350   1  14             @DIVFF
0    632   2  16             @ADDFF
0    246   1  11             @MULFF
0     88   0   5   100  2.1  sensores
0     20   0   1   102  2.9  intensidadpantalla
0    118   0   2   579  4.3  temp1s
0    276   1   3  1118  2.9  mensajes
0     20   0   0             @const339
0     32   0   2             @PSTRINGC_95
0     20   0   0             @const341
0     20   0   0             @const342
0     20   0   0             @const343
0     20   0   0             @const344
0     20   0   0             @const345
0     20   0   0             @const346
0     20   0   0             @const347
0     20   0   0             @const348
0      6   0   1    24  1.2  ajustar_damper
0  12968  35   8 56172 12.5  MAIN
0     22   0   0             @const354
0     22   0   0             @const355
0     22   0   0             @const356
0     22   0   0             @const357
0     22   0   0             @const360
0     22   0   0             @const361
0     22   0   0             @const362
0     40   0   3             @PSTRINGCN_95
0     44   0   3             @DIV88
0    222   1   6             @PRINTF_D_95
0     20   0   0             @const373
0     20   0   0             @const374
0     20   0   0             @const375
0     20   0   0             @const376
0     20   0   0             @const379
0     20   0   0             @const380
0     20   0   0             @const381
0     22   0   0             @const383
0     22   0   0             @const386
0     22   0   0             @const387
0     22   0   0             @const388
0     22   0   0             @const389
0     22   0   0             @const390
0     22   0   0             @const391
0     22   0   0             @const392
0     22   0   0             @const393
0     22   0   0             @const395
0     26   0   0             @const396
0    122   0   2             @PRINTF_U_95
0     22   0   0             @const400
0     22   0   0             @const401
0     22   0   0             @const402
0     18   0   0             @const404
0     18   0   0             @const405
0     22   0   0             @const409
0     16   0   0             @const410
0     68   0   5             @FTOSD
0    128   0  13             @DIV3232
0    434   1  13             @PRINTF_L32D_95FPFPF
0     22   0   0             @const421
0     22   0   0             @const422
0     22   0   0             @const423
0     22   0   0             @const426
0     22   0   0             @const427
0     22   0   0             @const428
0     22   0   0             @const429
0     22   0   0             @const431
0     22   0   0             @const432
0     22   0   0             @const433
0     22   0   0             @const434
0     22   0   0             @const436
0     22   0   0             @const437
0     22   0   0             @const438
0     22   0   0             @const441
0     22   0   0             @const442
0     22   0   0             @const443
0     22   0   0             @const444
0     22   0   0             @const445
0     16   0   0             @const446
0     22   0   0             @const449
0     22   0   0             @const450
0     20   0   0             @const451
0     18   0   0             @const452
0     18   0   0             @const455
0     24   0   0             @const456
0     26   0   0             @const457
0     16   0   0             @const458
0     22   0   0             @const461
0     26   0   0             @const462
0     18   0   0             @const463
0     16   0   0             @const464
0     16   0   0             @const465
0     18   0   0             @const467
0     22   0   0             @const468
0     16   0   0             @const470
0     22   0   0             @const471
0     16   0   0             @const473
0     10   0   0             @const475
0     12   0   0             @const476
0     14   0   0             @const477
0     12   0   0             @const478
0     12   0   0             @const479
0     12   0   0             @const480
0     12   0   0             @const481
0     12   0   0             @const482
0     12   0   0             @const483
0      8   0   0             @const484
0     10   0   0             @const485
0     10   0   0             @const486
0     12   0   0             @const487
0     20   0   0             @const490
0     20   0   0             @const491
0      8   0   0             @const492
0     20   0   0             @const495
0     20   0   0             @const496
0     22   0   0             @const498
0     22   0   0             @const499
0     22   0   0             @const500
0     22   0   0             @const501

Program metrics:
    Functions               11
    Statements              1567
    Comments                676
    Volume (V)              64693
    Difficilty (D)          48.5
    Effort to implement (E) 3136098
    Time to implement (T)   48 hours, 24 minutes
    Est Delivered Bugs (B)  7
    Cyclomatic Complexity   187
    Maintainability (MI)    21

 Segment     Used  Free
-----------  ----  ----
00000-00002     4  0  
00004-00006     0  4  
00008-00094   142  0  
00096-07FFE  18528  14090  



