
ROM used: 118 (0%)
          118 (0%) including unused fragments

          0 Average locations per line
          0 Average locations per statement

RAM used: 5 (0%) at main() level
          5 (0%) worst case

Stack used: 0 worst case (out of 31 total available)

Lines Stmts  %   Files
----- ----- ---  -----
   60    11   3  Modulo_Central.c
  451     0   0  C:\Program Files (x86)\PICC\Devices\18F4550.h
  165    69  20  LCD420.c
 2172   260  76  math.h
----- -----
 2848   340 Total

Page ROM  %  RAM   Vol Diff  Functions:
---- --- --- ---   --- ----  ----------
0    114  48   0   455  3.8  MAIN

Program metrics:
    Functions               1
    Statements              340
    Comments                449
    Volume (V)              455
    Difficilty (D)          3.8
    Effort to implement (E) 1728
    Time to implement (T)   2 minutes
    Est Delivered Bugs (B)  0
    Cyclomatic Complexity   1
    Maintainability (MI)    94

 Segment     Used  Free
-----------  ----  ----
00000-00002     4  0  
00004-07FFE   114  32650  



