
ROM used: 40232 (61%)
          40232 (61%) including unused fragments

          7 Average locations per line
          18 Average locations per statement

RAM used: 1505 (38%) at main() level
          1575 (40%) worst case

Stack used: 8 worst case (out of 31 total available)

Lines Stmts  %   Files
----- ----- ---  -----
 1458  1325  58  Maestro_v2.c
  457     0   0  C:\Program Files (x86)\PICC\Devices\18F4620.h
 2172   260  11  MATH.h
  354    78   3  HDM64GS12.c
  556   167   7  GRAPHICS.c
  201     0   0  imagen.h
   57    39   2  FuncionesDisplay.h
  342   399  18  Funciones.h
----- -----
 5597  2268 Total

Page ROM  %  RAM   Vol Diff  Functions:
---- --- --- ---   --- ----  ----------
0     40   0   1             @delay_ms1
0     32   0   1             @delay_us1
0    874   1  20  1124 10.7  CEIL_FLOOR
0    122   0  10             @FLT
0     60   0   4             @SFTOI
0     54   0   2             @ITOF
0    350   0  14             @DIVFF
0    632   1  16             @ADDFF
0    246   0  11             @MULFF
0     28   0   4    43  2.1  floor
0     30   0   4    44  1.9  ceil
0    358   0  16   257  7.2  fmod
0   1044   1  22  1071  8.0  exp
0     80   0   2             @SITOF
0   1244   2  25  1228  9.9  log
0    780   1  12   556  7.5  pow
0    168   0   1   580  3.2  glcd_init
0    184   0   7   609  5.4  glcd_update
0    188   0   9   466  7.8  glcd_pixel
0     90   0  10   317  4.7  glcd_fillScreen
0     54   0   2   257  2.8  glcd_writeByte
0    282   0   0             @const230
0    246   0   0             @const233
0    318   0  17  1475  8.8  glcd_line
0    200   0   6  1036  5.8  glcd_rect
0    450   1  20  1550 11.2  glcd_text57
0   1048   1   0             @const309
0   1048   1   0             @const312
0   1048   1   0             @const315
0    184   0  15   603  4.5  displayContrasena
0     34   0   1             @SPRINTF
0     44   0   3             @DIV88
0    222   0   6             @PRINTF_D_330
0    218   0  16   734  4.6  displayTiempo
0    204   0   8   672  5.1  displayMenu
0    254   0  19   737  4.5  displayfloat
0     80   0   5             @FTOSD
0    132   0  13             @DIV3232
0    440   1  13             @PRINTF_L32D_330FPFPF
0     62   0   3   128  1.0  sensores
0    464   1  21   534  7.5  leeTemperatura
0   1894   2   4  3537  3.9  LeeEEPROM
0   2448   3   0  6925  5.0  LimitaValores
0    130   0   1   650  3.8  VelocidadMotor
0   1762   2   9  7953 10.6  PidePassword
0     32   0   0             @const496
0     36   0   0             @const498
0     38   0   0             @const500
0    330   0   1  2121  7.9  ext0
0    522   1   6  1538  7.9  glcd_imagen
0     34   0   5  1538  7.9  @MUL1616
0    974   1  11   808  9.0  LeerFlujoInFlow
0  17200  21   4 78997 14.0  MAIN
0     38   0   0 79132 14.5  @const515
0     32   0   0             @const516
0     34   0   0             @const517
0     42   0   0             @const519
0     32   0   0             @const521
0     40   0   0             @const524
0     44   0   0             @const526
0     34   0   0             @const528
0     40   0   0             @const531
0     36   0   0             @const533
0     34   0   0             @const536
0     32   0   0             @const537
0     36   0   0             @const538
0     40   0   0             @const539
0     38   0   0             @const540
0     38   0   0             @const541
0     46   0   0             @const542
0     42   0   0             @const544
0     44   0   0             @const546
0     48   0   0             @const548
0     36   0   0             @const550
0     30   0   0             @const551
0     30   0   0             @const552
0     40   0   0             @const557
0     36   0   0             @const558
0     36   0   0             @const559
0     34   0   0             @const560
0     38   0   0             @const561

Program metrics:
    Functions               31
    Statements              2268
    Comments                865
    Volume (V)              250588
    Difficilty (D)          208.2
    Effort to implement (E) 52184628
    Time to implement (T)   805 hours, 19 minutes
    Est Delivered Bugs (B)  47
    Cyclomatic Complexity   564
    Maintainability (MI)    98

 Segment     Used  Free
-----------  ----  ----
00000-00002     4  0  
00004-00006     0  4  
00008-00094   142  0  
00096-0FFFE  40086  25300  



