
ROM used: 5548 (17%)
          5548 (17%) including unused fragments

          5 Average locations per line
          10 Average locations per statement

RAM used: 30 (1%) at main() level
          43 (2%) worst case

Stack used: 6 worst case (out of 31 total available)

Lines Stmts  %   Files
----- ----- ---  -----
  429   467  87  Cabina_Extractora_150.c
  451     0   0  C:\Program Files\PICC\Devices\18F4550.h
  164    70  13  LCD420.c
----- -----
 1044   537 Total

Page ROM  %  RAM   Vol Diff  Functions:
---- --- --- ---   --- ----  ----------
0     40   0   1             @delay_ms1
0     20   0   0             @const73
0     56   1   3   463  4.3  lcd_read_byte
0     24   0   1   134  2.2  lcd_send_nibble
0     54   0   3   317  4.3  lcd_send_byte
0     88   1   2   422  4.7  lcd_init
0     54   0   3   321  5.5  lcd_gotoxy
0     34   0   0             @goto10088
0     84   1   1   370  6.0  lcd_putc
0    134   1   3   627  2.8  mensajes
0     20   0   0             @const125
0     32   0   2             @PSTRINGC_95
0     20   0   0             @const127
0     20   0   0             @const128
0     20   0   0             @const129
0     20   0   0             @const130
0    108   1   1   974  2.9  velocidades
0   3382  30   2 19940  9.0  MAIN
0     22   0   0             @const135
0     22   0   0             @const136
0     22   0   0             @const137
0     22   0   0             @const138
0     22   0   0             @const140
0     22   0   0             @const141
0     22   0   0             @const142
0     30   0   3             @PSTRINGCN_95
0     40   0   3             @DIV88
0    200   2   6             @PRINTF_D_95
0     20   0   0             @const153
0     20   0   0             @const154
0     20   0   0             @const155
0     20   0   0             @const156
0     20   0   0             @const159
0     20   0   0             @const160
0     20   0   0             @const161
0     22   0   0             @const163
0     22   0   0             @const165
0     22   0   0             @const166
0     22   0   0             @const167
0     22   0   0             @const168
0     22   0   0             @const169
0     22   0   0             @const170
0     22   0   0             @const171
0     22   0   0             @const172
0     22   0   0             @const174
0     22   0   0             @const175
0     22   0   0             @const176
0     22   0   0             @const177
0     22   0   0             @const178
0     22   0   0             @const179
0     22   0   0             @const180
0     22   0   0             @const181
0     22   0   0             @const183
0     22   0   0             @const184
0     22   0   0             @const185
0     22   0   0             @const188
0     22   0   0             @const189
0     22   0   0             @const190
0     22   0   0             @const191
0     22   0   0             @const193
0     22   0   0             @const194
0     22   0   0             @const195
0     22   0   0             @const196
0     22   0   0             @const198
0     22   0   0             @const199
0     22   0   0             @const200
0     22   0   0             @const203
0     22   0   0             @const204
0     22   0   0             @const205
0     22   0   0             @const206

Program metrics:
    Functions               9
    Statements              537
    Comments                238
    Volume (V)              27721
    Difficilty (D)          40.9
    Effort to implement (E) 1132823
    Time to implement (T)   17 hours, 29 minutes
    Est Delivered Bugs (B)  4
    Cyclomatic Complexity   83
    Maintainability (MI)    111

 Segment     Used  Free
-----------  ----  ----
00000-00002     4  0  
00004-07FFE  5544  27220  



