
ROM used: 24366 (74%)
          24366 (74%) including unused fragments

          5 Average locations per line
          11 Average locations per statement

RAM used: 266 (13%) at main() level
          299 (15%) worst case

Stack used: 8 worst case (out of 31 total available)

Lines Stmts  %   Files
----- ----- ---  -----
  525   326  15  Cabina_Extractora.c
  451     0   0  C:\Program Files (x86)\PICC\Devices\18F4550.h
  167    70   3  LCD420.c
 2172   260  12  math.h
  296   287  13  Funciones.h
 1151  1249  57  Menu.h
----- -----
 4762  2192 Total

Page ROM  %  RAM   Vol Diff  Functions:
---- --- --- ---   --- ----  ----------
0     42   0   1             @delay_ms1
0     30   0   0             @const73
0     40   0   1   134  2.2  lcd_send_nibble
0     74   0   3   287  3.9  lcd_send_byte
0    116   0   2   422  4.7  lcd_init
0     70   0   3   321  5.5  lcd_gotoxy
0     44   0   0             @goto10093
0    110   0   1   412  6.5  lcd_putc
0    122   0  10             @FLT
0     60   0   4             @SFTOI
0     54   0   2             @ITOF
0    350   1  14             @DIVFF
0    632   1  16             @ADDFF
0    246   1  11             @MULFF
0      6   0   1    24  1.2  ajuste_vel
0     88   0   5   100  2.1  sensores
0    448   1  21   534  7.5  leeTemperatura
0     20   0   1    93  2.9  intensidadpantalla
0   1016   2   7   843  9.0  Leer_Sensor_Flujo
0     20   0   0   136  1.8  SalidasOff
0     78   0   0   267  2.2  ConfigInicial
0   1166   2   1  2155  3.9  LeeEEPROM
0   1488   3   1  3847  4.9  LimitaValores
0     38   0   0   115  2.5  EnciendeMotor
0     38   0   0   108  2.1  ApagaMotor
0    156   0   1   357  1.8  MensajeGuardado
0     22   0   0             @const356
0     34   0   2             @PSTRINGC_95
0     22   0   0             @const358
0     22   0   0             @const359
0     22   0   0             @const360
0     34   0   0   193  3.6  subirVidrio
0     34   0   0   193  3.6  bajarVidrio
0     10   0   0    50  1.5  detenerVidrio
0    294   1   3  1118  2.9  mensajes
0     20   0   0             @const369
0     20   0   0             @const370
0     20   0   0             @const371
0     20   0   0             @const372
0     20   0   0             @const373
0     20   0   0             @const374
0     20   0   0  5314  8.5  @const375
0     20   0   0             @const376
0     20   0   0             @const377
0   1176   2   9  5314  8.5  SolicitaContrasena
0     22   0   0             @const386
0     22   0   0             @const387
0     22   0   0             @const388
0     42   0   3             @PSTRINGCN_95
0     44   0   3             @DIV88
0    130   0   2             @PRINTF_U_95
0     20   0   0             @const399
0     20   0   0             @const400
0     20   0   0             @const401
0     20   0   0             @const402
0     20   0   0             @const404
0     20   0   0  3686  8.4  @const405
0     20   0   0             @const406
0    640   1   1  3686  8.4  MenuPrincipal
0     22   0   0  2280  4.9  @const409
0    762   2   1  2280  4.9  MenuFiltro
0     22   0   0             @const413
0     26   0   0             @const414
0     22   0   0             @const415
0     22   0   0             @const416
0     22   0   0             @const417
0     18   0   0             @const419
0     18   0   0             @const420
0    354   1   1  1261  6.7  MenuSetpoint
0     18   0   0  1024  3.8  @const425
0     16   0   0             @const426
0    336   1   1  1024  3.8  MenuAlarma
0     22   0   0             @const429
0     22   0   0             @const430
0     22   0   0             @const431
0     22   0   0             @const432
0     22   0   0             @const433
0     22   0   0             @const434
0     22   0   0  1312  6.8  @const435
0     22   0   0             @const436
0    376   1   1  1312  6.8  MenuMedia
0     22   0   0             @const439
0     16   0   0  1898  6.3  @const440
0    234   0   6             @PRINTF_D_95
0    934   2   4  1898  6.3  MenuPuntoCero
0     22   0   0             @const446
0     22   0   0             @const447
0     68   0   5             @FTOSD
0    128   0  13             @DIV3232
0    434   1  13             @PRINTF_L32D_95FPFPF
0     20   0   0             @const456
0     18   0   0  1789  8.3  @const457
0   1322   3   8  1789  8.3  MenuMantenimiento
0     18   0   0             @const461
0     24   0   0             @const462
0     26   0   0  6411  6.9  @const463
0     16   0   0             @const464
0     22   0   0             @const467
0     26   0   0             @const468
0     18   0   0             @const469
0     22   0   0             @const470
0     16   0   0             @const472
0     22   0   0             @const473
0     16   0   0  2466  7.3  @const475
0     20   0   0             @const476
0    732   2   1  2466  7.3  MenuTiempoPurga
0     22   0   0             @const479
0     22   0   0             @const480
0     18   0   0             @const481
0     18   0   0  2416  7.3  @const484
0     18   0   0             @const485
0    726   1   1  2416  7.3  MenuTiempoPostPurga
0     22   0   0             @const488
0     22   0   0             @const489
0     18   0   0             @const490
0     18   0   0  1027  3.8  @const493
0     18   0   0             @const494
0    446   1   1  1027  3.8  MenuPostPurga
0     22   0   0             @const497
0     22   0   0             @const498
0     18   0   0             @const499
0     20   0   0  1085  4.8  @const501
0     20   0   0             @const502
0    260   1   1  1085  4.8  MenuApagado
0     22   0   0             @const505
0     22   0   0             @const506
0     22   0   0             @const507
0     22   0   0   878  4.7  @const508
0    304   1   1   952  4.7  MenuPurga
0     22   0   0  4369  7.9  @const512
0     22   0   0             @const513
0     20   0   0  4369  7.9  @const514
0   1032   2   2  4369  7.9  MenuCambioClave
0     22   0   0             @const516
0     22   0   0             @const517
0     22   0   0             @const518
0     22   0   0             @const522
0     22   0   0  1510  6.3  @const523
0     22   0   0             @const524
0     22   0   0  1510  6.3  @const525
0    622   1   4  1510  6.3  MenuVelocidad
0     22   0   0             @const527
0     22   0   0             @const528
0     22   0   0   193  3.6  @const530
0     20   0   0  1395  4.4  @const531
0     22   0   0             @const533
0     18   0   0             @const534
0     18   0   0             @const535
0     18   0   0             @const536
0    718   1   1  3076  6.3  MenuServicio
0     22   0   0             @const540
0     22   0   0             @const541
0     22   0   0             @const542
0     22   0   0             @const543
0     22   0   0             @const544
0     22   0   0             @const545
0     22   0   0             @const546
0     22   0   0             @const547
0     22   0   0             @const548
0     22   0   0             @const549
0     22   0   0             @const550
0     22   0   0             @const551
0     22   0   0             @const552
0     22   0   0             @const553
0     22   0   0             @const554
0     22   0   0             @const555
0    182   0   2  1221  6.2  temp1s
0   2626   5   4 10397  8.4  MAIN
0     22   0   0             @const561
0     22   0   0             @const562
0     22   0   0             @const563
0     22   0   0             @const564
0     22   0   0             @const567
0     22   0   0             @const568
0     22   0   0             @const569
0      8   0   0             @const572
0     12   0   0             @const573
0     22   0   0             @const574
0     12   0   0             @const575
0     12   0   0             @const576
0     12   0   0             @const577
0      8   0   0             @const578
0     10   0   0             @const579
0     10   0   0             @const580
0     12   0   0             @const581
0     22   0   0             @const583

Program metrics:
    Functions               58
    Statements              2192
    Comments                603
    Volume (V)              178610
    Difficilty (D)          310.0
    Effort to implement (E) 55366302
    Time to implement (T)   854 hours, 25 minutes
    Est Delivered Bugs (B)  48
    Cyclomatic Complexity   447
    Maintainability (MI)    21

 Segment     Used  Free
-----------  ----  ----
00000-00002     4  0  
00004-00006     0  4  
00008-00094   142  0  
00096-07FFE  24220  8398  



